# JRE version: OpenJDK Runtime Environment (8.0_152-b01) (build 1.8.0_152-release-1343-b01)
# Java VM: OpenJDK 64-Bit Server VM (25.152-b01 mixed mode windows-amd64 compressed oops)
Heap:
 PSYoungGen      total 56320K, used 27348K [0x00000000e0000000, 0x00000000e5380000, 0x0000000100000000)
  eden space 51200K, 43% used [0x00000000e0000000,0x00000000e15bc010,0x00000000e3200000)
  from space 5120K, 99% used [0x00000000e3200000,0x00000000e36f90f0,0x00000000e3700000)
  to   space 6144K, 0% used [0x00000000e4d80000,0x00000000e4d80000,0x00000000e5380000)
 ParOldGen       total 30720K, used 9874K [0x00000000a0000000, 0x00000000a1e00000, 0x00000000e0000000)
  object space 30720K, 32% used [0x00000000a0000000,0x00000000a09a4ac8,0x00000000a1e00000)
 Metaspace       used 29280K, capacity 29768K, committed 30080K, reserved 1075200K
  class space    used 3943K, capacity 4103K, committed 4224K, reserved 1048576K
GC Heap History (10 events):
Event: 15.767 GC heap before
{Heap before GC invocations=8 (full 0):
 PSYoungGen      total 20992K, used 19568K [0x00000000e0000000, 0x00000000e2900000, 0x0000000100000000)
  eden space 15872K, 100% used [0x00000000e0000000,0x00000000e0f80000,0x00000000e0f80000)
  from space 5120K, 72% used [0x00000000e0f80000,0x00000000e131c148,0x00000000e1480000)
  to   space 5120K, 0% used [0x00000000e2400000,0x00000000e2400000,0x00000000e2900000)
 ParOldGen       total 42496K, used 5160K [0x00000000a0000000, 0x00000000a2980000, 0x00000000e0000000)
  object space 42496K, 12% used [0x00000000a0000000,0x00000000a050a370,0x00000000a2980000)
 Metaspace       used 15748K, capacity 16144K, committed 16256K, reserved 1062912K
  class space    used 2243K, capacity 2424K, committed 2432K, reserved 1048576K
Event: 15.810 GC heap after
Heap after GC invocations=8 (full 0):
 PSYoungGen      total 36864K, used 3604K [0x00000000e0000000, 0x00000000e2900000, 0x0000000100000000)
  eden space 31744K, 0% used [0x00000000e0000000,0x00000000e0000000,0x00000000e1f00000)
  from space 5120K, 70% used [0x00000000e2400000,0x00000000e27851f8,0x00000000e2900000)
  to   space 5120K, 0% used [0x00000000e1f00000,0x00000000e1f00000,0x00000000e2400000)
 ParOldGen       total 42496K, used 5840K [0x00000000a0000000, 0x00000000a2980000, 0x00000000e0000000)
  object space 42496K, 13% used [0x00000000a0000000,0x00000000a05b4390,0x00000000a2980000)
 Metaspace       used 15748K, capacity 16144K, committed 16256K, reserved 1062912K
  class space    used 2243K, capacity 2424K, committed 2432K, reserved 1048576K
}
Event: 19.549 GC heap before
{Heap before GC invocations=9 (full 0):
 PSYoungGen      total 36864K, used 35285K [0x00000000e0000000, 0x00000000e2900000, 0x0000000100000000)
  eden space 31744K, 99% used [0x00000000e0000000,0x00000000e1ef0238,0x00000000e1f00000)
  from space 5120K, 70% used [0x00000000e2400000,0x00000000e27851f8,0x00000000e2900000)
  to   space 5120K, 0% used [0x00000000e1f00000,0x00000000e1f00000,0x00000000e2400000)
 ParOldGen       total 42496K, used 5840K [0x00000000a0000000, 0x00000000a2980000, 0x00000000e0000000)
  object space 42496K, 13% used [0x00000000a0000000,0x00000000a05b4390,0x00000000a2980000)
 Metaspace       used 18783K, capacity 19262K, committed 19328K, reserved 1064960K
  class space    used 2717K, capacity 2895K, committed 2944K, reserved 1048576K
Event: 19.564 GC heap after
Heap after GC invocations=9 (full 0):
 PSYoungGen      total 36864K, used 5024K [0x00000000e0000000, 0x00000000e3d00000, 0x0000000100000000)
  eden space 31744K, 0% used [0x00000000e0000000,0x00000000e0000000,0x00000000e1f00000)
  from space 5120K, 98% used [0x00000000e1f00000,0x00000000e23e8088,0x00000000e2400000)
  to   space 5632K, 0% used [0x00000000e3780000,0x00000000e3780000,0x00000000e3d00000)
 ParOldGen       total 42496K, used 6835K [0x00000000a0000000, 0x00000000a2980000, 0x00000000e0000000)
  object space 42496K, 16% used [0x00000000a0000000,0x00000000a06acc18,0x00000000a2980000)
 Metaspace       used 18783K, capacity 19262K, committed 19328K, reserved 1064960K
  class space    used 2717K, capacity 2895K, committed 2944K, reserved 1048576K
}
Event: 20.439 GC heap before
{Heap before GC invocations=10 (full 0):
 PSYoungGen      total 36864K, used 17345K [0x00000000e0000000, 0x00000000e3d00000, 0x0000000100000000)
  eden space 31744K, 38% used [0x00000000e0000000,0x00000000e0c08600,0x00000000e1f00000)
  from space 5120K, 98% used [0x00000000e1f00000,0x00000000e23e8088,0x00000000e2400000)
  to   space 5632K, 0% used [0x00000000e3780000,0x00000000e3780000,0x00000000e3d00000)
 ParOldGen       total 42496K, used 6835K [0x00000000a0000000, 0x00000000a2980000, 0x00000000e0000000)
  object space 42496K, 16% used [0x00000000a0000000,0x00000000a06acc18,0x00000000a2980000)
 Metaspace       used 20683K, capacity 21118K, committed 21296K, reserved 1067008K
  class space    used 2907K, capacity 3087K, committed 3200K, reserved 1048576K
Event: 20.447 GC heap after
Heap after GC invocations=10 (full 0):
 PSYoungGen      total 55808K, used 3310K [0x00000000e0000000, 0x00000000e3c00000, 0x0000000100000000)
  eden space 51200K, 0% used [0x00000000e0000000,0x00000000e0000000,0x00000000e3200000)
  from space 4608K, 71% used [0x00000000e3780000,0x00000000e3abbb48,0x00000000e3c00000)
  to   space 5120K, 0% used [0x00000000e3200000,0x00000000e3200000,0x00000000e3700000)
 ParOldGen       total 42496K, used 7980K [0x00000000a0000000, 0x00000000a2980000, 0x00000000e0000000)
  object space 42496K, 18% used [0x00000000a0000000,0x00000000a07cb340,0x00000000a2980000)
 Metaspace       used 20683K, capacity 21118K, committed 21296K, reserved 1067008K
  class space    used 2907K, capacity 3087K, committed 3200K, reserved 1048576K
}
Event: 20.447 GC heap before
{Heap before GC invocations=11 (full 1):
 PSYoungGen      total 55808K, used 3310K [0x00000000e0000000, 0x00000000e3c00000, 0x0000000100000000)
  eden space 51200K, 0% used [0x00000000e0000000,0x00000000e0000000,0x00000000e3200000)
  from space 4608K, 71% used [0x00000000e3780000,0x00000000e3abbb48,0x00000000e3c00000)
  to   space 5120K, 0% used [0x00000000e3200000,0x00000000e3200000,0x00000000e3700000)
 ParOldGen       total 42496K, used 7980K [0x00000000a0000000, 0x00000000a2980000, 0x00000000e0000000)
  object space 42496K, 18% used [0x00000000a0000000,0x00000000a07cb340,0x00000000a2980000)
 Metaspace       used 20683K, capacity 21118K, committed 21296K, reserved 1067008K
  class space    used 2907K, capacity 3087K, committed 3200K, reserved 1048576K
Event: 20.558 GC heap after
Heap after GC invocations=11 (full 1):
 PSYoungGen      total 55808K, used 0K [0x00000000e0000000, 0x00000000e3c00000, 0x0000000100000000)
  eden space 51200K, 0% used [0x00000000e0000000,0x00000000e0000000,0x00000000e3200000)
  from space 4608K, 0% used [0x00000000e3780000,0x00000000e3780000,0x00000000e3c00000)
  to   space 5120K, 0% used [0x00000000e3200000,0x00000000e3200000,0x00000000e3700000)
 ParOldGen       total 30720K, used 8202K [0x00000000a0000000, 0x00000000a1e00000, 0x00000000e0000000)
  object space 30720K, 26% used [0x00000000a0000000,0x00000000a0802a18,0x00000000a1e00000)
 Metaspace       used 20683K, capacity 21118K, committed 21296K, reserved 1067008K
  class space    used 2907K, capacity 3087K, committed 3200K, reserved 1048576K
}
Event: 23.089 GC heap before
{Heap before GC invocations=12 (full 1):
 PSYoungGen      total 55808K, used 51200K [0x00000000e0000000, 0x00000000e3c00000, 0x0000000100000000)
  eden space 51200K, 100% used [0x00000000e0000000,0x00000000e3200000,0x00000000e3200000)
  from space 4608K, 0% used [0x00000000e3780000,0x00000000e3780000,0x00000000e3c00000)
  to   space 5120K, 0% used [0x00000000e3200000,0x00000000e3200000,0x00000000e3700000)
 ParOldGen       total 30720K, used 8202K [0x00000000a0000000, 0x00000000a1e00000, 0x00000000e0000000)
  object space 30720K, 26% used [0x00000000a0000000,0x00000000a0802a18,0x00000000a1e00000)
 Metaspace       used 27424K, capacity 27888K, committed 28032K, reserved 1073152K
  class space    used 3738K, capacity 3929K, committed 3968K, reserved 1048576K
Event: 23.107 GC heap after
Heap after GC invocations=12 (full 1):
 PSYoungGen      total 56320K, used 5092K [0x00000000e0000000, 0x00000000e5380000, 0x0000000100000000)
  eden space 51200K, 0% used [0x00000000e0000000,0x00000000e0000000,0x00000000e3200000)
  from space 5120K, 99% used [0x00000000e3200000,0x00000000e36f90f0,0x00000000e3700000)
  to   space 6144K, 0% used [0x00000000e4d80000,0x00000000e4d80000,0x00000000e5380000)
 ParOldGen       total 30720K, used 9874K [0x00000000a0000000, 0x00000000a1e00000, 0x00000000e0000000)
  object space 30720K, 32% used [0x00000000a0000000,0x00000000a09a4ac8,0x00000000a1e00000)
 Metaspace       used 27424K, capacity 27888K, committed 28032K, reserved 1073152K
  class space    used 3738K, capacity 3929K, committed 3968K, reserved 1048576K
}

