# JRE version: OpenJDK Runtime Environment (8.0_152-b01) (build 1.8.0_152-release-1343-b01)
# Java VM: OpenJDK 64-Bit Server VM (25.152-b01 mixed mode windows-amd64 compressed oops)
Heap:
 PSYoungGen      total 20992K, used 16840K [0x00000000e0000000, 0x00000000e2900000, 0x0000000100000000)
  eden space 15872K, 81% used [0x00000000e0000000,0x00000000e0ca3358,0x00000000e0f80000)
  from space 5120K, 76% used [0x00000000e0f80000,0x00000000e134ee80,0x00000000e1480000)
  to   space 5120K, 0% used [0x00000000e2400000,0x00000000e2400000,0x00000000e2900000)
 ParOldGen       total 42496K, used 4997K [0x00000000a0000000, 0x00000000a2980000, 0x00000000e0000000)
  object space 42496K, 11% used [0x00000000a0000000,0x00000000a04e1480,0x00000000a2980000)
 Metaspace       used 15450K, capacity 15856K, committed 16000K, reserved 1062912K
  class space    used 2196K, capacity 2328K, committed 2432K, reserved 1048576K
GC Heap History (10 events):
Event: 3.077 GC heap before
{Heap before GC invocations=3 (full 0):
 PSYoungGen      total 18432K, used 18409K [0x00000000e0000000, 0x00000000e1480000, 0x0000000100000000)
  eden space 15872K, 100% used [0x00000000e0000000,0x00000000e0f80000,0x00000000e0f80000)
  from space 2560K, 99% used [0x00000000e1200000,0x00000000e147a740,0x00000000e1480000)
  to   space 2560K, 0% used [0x00000000e0f80000,0x00000000e0f80000,0x00000000e1200000)
 ParOldGen       total 42496K, used 391K [0x00000000a0000000, 0x00000000a2980000, 0x00000000e0000000)
  object space 42496K, 0% used [0x00000000a0000000,0x00000000a0061df0,0x00000000a2980000)
 Metaspace       used 6797K, capacity 7014K, committed 7168K, reserved 1056768K
  class space    used 827K, capacity 915K, committed 1024K, reserved 1048576K
Event: 3.081 GC heap after
Heap after GC invocations=3 (full 0):
 PSYoungGen      total 18432K, used 2553K [0x00000000e0000000, 0x00000000e1480000, 0x0000000100000000)
  eden space 15872K, 0% used [0x00000000e0000000,0x00000000e0000000,0x00000000e0f80000)
  from space 2560K, 99% used [0x00000000e0f80000,0x00000000e11fe460,0x00000000e1200000)
  to   space 2560K, 0% used [0x00000000e1200000,0x00000000e1200000,0x00000000e1480000)
 ParOldGen       total 42496K, used 592K [0x00000000a0000000, 0x00000000a2980000, 0x00000000e0000000)
  object space 42496K, 1% used [0x00000000a0000000,0x00000000a0094260,0x00000000a2980000)
 Metaspace       used 6797K, capacity 7014K, committed 7168K, reserved 1056768K
  class space    used 827K, capacity 915K, committed 1024K, reserved 1048576K
}
Event: 3.401 GC heap before
{Heap before GC invocations=4 (full 0):
 PSYoungGen      total 18432K, used 18425K [0x00000000e0000000, 0x00000000e1480000, 0x0000000100000000)
  eden space 15872K, 100% used [0x00000000e0000000,0x00000000e0f80000,0x00000000e0f80000)
  from space 2560K, 99% used [0x00000000e0f80000,0x00000000e11fe460,0x00000000e1200000)
  to   space 2560K, 0% used [0x00000000e1200000,0x00000000e1200000,0x00000000e1480000)
 ParOldGen       total 42496K, used 592K [0x00000000a0000000, 0x00000000a2980000, 0x00000000e0000000)
  object space 42496K, 1% used [0x00000000a0000000,0x00000000a0094260,0x00000000a2980000)
 Metaspace       used 8503K, capacity 8680K, committed 8960K, reserved 1056768K
  class space    used 1090K, capacity 1172K, committed 1280K, reserved 1048576K
Event: 3.406 GC heap after
Heap after GC invocations=4 (full 0):
 PSYoungGen      total 18432K, used 2560K [0x00000000e0000000, 0x00000000e1480000, 0x0000000100000000)
  eden space 15872K, 0% used [0x00000000e0000000,0x00000000e0000000,0x00000000e0f80000)
  from space 2560K, 100% used [0x00000000e1200000,0x00000000e1480000,0x00000000e1480000)
  to   space 2560K, 0% used [0x00000000e0f80000,0x00000000e0f80000,0x00000000e1200000)
 ParOldGen       total 42496K, used 1744K [0x00000000a0000000, 0x00000000a2980000, 0x00000000e0000000)
  object space 42496K, 4% used [0x00000000a0000000,0x00000000a01b41a0,0x00000000a2980000)
 Metaspace       used 8503K, capacity 8680K, committed 8960K, reserved 1056768K
  class space    used 1090K, capacity 1172K, committed 1280K, reserved 1048576K
}
Event: 6.445 GC heap before
{Heap before GC invocations=5 (full 0):
 PSYoungGen      total 18432K, used 18432K [0x00000000e0000000, 0x00000000e1480000, 0x0000000100000000)
  eden space 15872K, 100% used [0x00000000e0000000,0x00000000e0f80000,0x00000000e0f80000)
  from space 2560K, 100% used [0x00000000e1200000,0x00000000e1480000,0x00000000e1480000)
  to   space 2560K, 0% used [0x00000000e0f80000,0x00000000e0f80000,0x00000000e1200000)
 ParOldGen       total 42496K, used 1744K [0x00000000a0000000, 0x00000000a2980000, 0x00000000e0000000)
  object space 42496K, 4% used [0x00000000a0000000,0x00000000a01b41a0,0x00000000a2980000)
 Metaspace       used 12024K, capacity 12376K, committed 12544K, reserved 1060864K
  class space    used 1609K, capacity 1738K, committed 1792K, reserved 1048576K
Event: 6.453 GC heap after
Heap after GC invocations=5 (full 0):
 PSYoungGen      total 18432K, used 2544K [0x00000000e0000000, 0x00000000e1980000, 0x0000000100000000)
  eden space 15872K, 0% used [0x00000000e0000000,0x00000000e0000000,0x00000000e0f80000)
  from space 2560K, 99% used [0x00000000e0f80000,0x00000000e11fc010,0x00000000e1200000)
  to   space 5120K, 0% used [0x00000000e1480000,0x00000000e1480000,0x00000000e1980000)
 ParOldGen       total 42496K, used 4149K [0x00000000a0000000, 0x00000000a2980000, 0x00000000e0000000)
  object space 42496K, 9% used [0x00000000a0000000,0x00000000a040d440,0x00000000a2980000)
 Metaspace       used 12024K, capacity 12376K, committed 12544K, reserved 1060864K
  class space    used 1609K, capacity 1738K, committed 1792K, reserved 1048576K
}
Event: 7.094 GC heap before
{Heap before GC invocations=6 (full 0):
 PSYoungGen      total 18432K, used 18416K [0x00000000e0000000, 0x00000000e1980000, 0x0000000100000000)
  eden space 15872K, 100% used [0x00000000e0000000,0x00000000e0f80000,0x00000000e0f80000)
  from space 2560K, 99% used [0x00000000e0f80000,0x00000000e11fc010,0x00000000e1200000)
  to   space 5120K, 0% used [0x00000000e1480000,0x00000000e1480000,0x00000000e1980000)
 ParOldGen       total 42496K, used 4149K [0x00000000a0000000, 0x00000000a2980000, 0x00000000e0000000)
  object space 42496K, 9% used [0x00000000a0000000,0x00000000a040d440,0x00000000a2980000)
 Metaspace       used 13123K, capacity 13440K, committed 13568K, reserved 1060864K
  class space    used 1806K, capacity 1966K, committed 2048K, reserved 1048576K
Event: 7.102 GC heap after
Heap after GC invocations=6 (full 0):
 PSYoungGen      total 20992K, used 4123K [0x00000000e0000000, 0x00000000e1980000, 0x0000000100000000)
  eden space 15872K, 0% used [0x00000000e0000000,0x00000000e0000000,0x00000000e0f80000)
  from space 5120K, 80% used [0x00000000e1480000,0x00000000e1886fc8,0x00000000e1980000)
  to   space 5120K, 0% used [0x00000000e0f80000,0x00000000e0f80000,0x00000000e1480000)
 ParOldGen       total 42496K, used 4157K [0x00000000a0000000, 0x00000000a2980000, 0x00000000e0000000)
  object space 42496K, 9% used [0x00000000a0000000,0x00000000a040f440,0x00000000a2980000)
 Metaspace       used 13123K, capacity 13440K, committed 13568K, reserved 1060864K
  class space    used 1806K, capacity 1966K, committed 2048K, reserved 1048576K
}
Event: 7.473 GC heap before
{Heap before GC invocations=7 (full 0):
 PSYoungGen      total 20992K, used 19995K [0x00000000e0000000, 0x00000000e1980000, 0x0000000100000000)
  eden space 15872K, 100% used [0x00000000e0000000,0x00000000e0f80000,0x00000000e0f80000)
  from space 5120K, 80% used [0x00000000e1480000,0x00000000e1886fc8,0x00000000e1980000)
  to   space 5120K, 0% used [0x00000000e0f80000,0x00000000e0f80000,0x00000000e1480000)
 ParOldGen       total 42496K, used 4157K [0x00000000a0000000, 0x00000000a2980000, 0x00000000e0000000)
  object space 42496K, 9% used [0x00000000a0000000,0x00000000a040f440,0x00000000a2980000)
 Metaspace       used 14439K, capacity 14722K, committed 14976K, reserved 1062912K
  class space    used 2027K, capacity 2159K, committed 2176K, reserved 1048576K
Event: 7.482 GC heap after
Heap after GC invocations=7 (full 0):
 PSYoungGen      total 20992K, used 3899K [0x00000000e0000000, 0x00000000e2900000, 0x0000000100000000)
  eden space 15872K, 0% used [0x00000000e0000000,0x00000000e0000000,0x00000000e0f80000)
  from space 5120K, 76% used [0x00000000e0f80000,0x00000000e134ee80,0x00000000e1480000)
  to   space 5120K, 0% used [0x00000000e2400000,0x00000000e2400000,0x00000000e2900000)
 ParOldGen       total 42496K, used 4997K [0x00000000a0000000, 0x00000000a2980000, 0x00000000e0000000)
  object space 42496K, 11% used [0x00000000a0000000,0x00000000a04e1480,0x00000000a2980000)
 Metaspace       used 14439K, capacity 14722K, committed 14976K, reserved 1062912K
  class space    used 2027K, capacity 2159K, committed 2176K, reserved 1048576K
}

