# JRE version: OpenJDK Runtime Environment (8.0_152-b01) (build 1.8.0_152-release-1248-b01)
# Java VM: OpenJDK 64-Bit Server VM (25.152-b01 mixed mode windows-amd64 compressed oops)
Heap:
 PSYoungGen      total 292352K, used 249720K [0x00000000e0000000, 0x00000000f7080000, 0x0000000100000000)
  eden space 280576K, 84% used [0x00000000e0000000,0x00000000ee8cc3e8,0x00000000f1200000)
  from space 11776K, 96% used [0x00000000f6500000,0x00000000f7011dd0,0x00000000f7080000)
  to   space 22528K, 0% used [0x00000000f4480000,0x00000000f4480000,0x00000000f5a80000)
 ParOldGen       total 101376K, used 56634K [0x00000000a0000000, 0x00000000a6300000, 0x00000000e0000000)
  object space 101376K, 55% used [0x00000000a0000000,0x00000000a374ebc0,0x00000000a6300000)
 Metaspace       used 106415K, capacity 113714K, committed 113832K, reserved 1148928K
  class space    used 13126K, capacity 14465K, committed 14512K, reserved 1048576K
GC Heap History (10 events):
Event: 17739.484 GC heap before
{Heap before GC invocations=78 (full 4):
 PSYoungGen      total 365568K, used 365085K [0x00000000e0000000, 0x00000000fa300000, 0x0000000100000000)
  eden space 347136K, 100% used [0x00000000e0000000,0x00000000f5300000,0x00000000f5300000)
  from space 18432K, 97% used [0x00000000f7f00000,0x00000000f90874d0,0x00000000f9100000)
  to   space 18432K, 0% used [0x00000000f9100000,0x00000000f9100000,0x00000000fa300000)
 ParOldGen       total 101376K, used 56610K [0x00000000a0000000, 0x00000000a6300000, 0x00000000e0000000)
  object space 101376K, 55% used [0x00000000a0000000,0x00000000a3748bc0,0x00000000a6300000)
 Metaspace       used 105493K, capacity 112470K, committed 112680K, reserved 1146880K
  class space    used 13042K, capacity 14321K, committed 14384K, reserved 1048576K
Event: 17742.089 GC heap after
Heap after GC invocations=78 (full 4):
 PSYoungGen      total 347136K, used 14474K [0x00000000e0000000, 0x00000000f9f80000, 0x0000000100000000)
  eden space 332288K, 0% used [0x00000000e0000000,0x00000000e0000000,0x00000000f4480000)
  from space 14848K, 97% used [0x00000000f9100000,0x00000000f9f22a30,0x00000000f9f80000)
  to   space 25600K, 0% used [0x00000000f6d80000,0x00000000f6d80000,0x00000000f8680000)
 ParOldGen       total 101376K, used 56610K [0x00000000a0000000, 0x00000000a6300000, 0x00000000e0000000)
  object space 101376K, 55% used [0x00000000a0000000,0x00000000a3748bc0,0x00000000a6300000)
 Metaspace       used 105493K, capacity 112470K, committed 112680K, reserved 1146880K
  class space    used 13042K, capacity 14321K, committed 14384K, reserved 1048576K
}
Event: 21687.466 GC heap before
{Heap before GC invocations=79 (full 4):
 PSYoungGen      total 347136K, used 346762K [0x00000000e0000000, 0x00000000f9f80000, 0x0000000100000000)
  eden space 332288K, 100% used [0x00000000e0000000,0x00000000f4480000,0x00000000f4480000)
  from space 14848K, 97% used [0x00000000f9100000,0x00000000f9f22a30,0x00000000f9f80000)
  to   space 25600K, 0% used [0x00000000f6d80000,0x00000000f6d80000,0x00000000f8680000)
 ParOldGen       total 101376K, used 56610K [0x00000000a0000000, 0x00000000a6300000, 0x00000000e0000000)
  object space 101376K, 55% used [0x00000000a0000000,0x00000000a3748bc0,0x00000000a6300000)
 Metaspace       used 105665K, capacity 112706K, committed 112936K, reserved 1148928K
  class space    used 13049K, capacity 14355K, committed 14384K, reserved 1048576K
Event: 21690.908 GC heap after
Heap after GC invocations=79 (full 4):
 PSYoungGen      total 331264K, used 12570K [0x00000000e0000000, 0x00000000f9180000, 0x0000000100000000)
  eden space 318464K, 0% used [0x00000000e0000000,0x00000000e0000000,0x00000000f3700000)
  from space 12800K, 98% used [0x00000000f6d80000,0x00000000f79c6bd8,0x00000000f7a00000)
  to   space 24064K, 0% used [0x00000000f7a00000,0x00000000f7a00000,0x00000000f9180000)
 ParOldGen       total 101376K, used 56610K [0x00000000a0000000, 0x00000000a6300000, 0x00000000e0000000)
  object space 101376K, 55% used [0x00000000a0000000,0x00000000a3748bc0,0x00000000a6300000)
 Metaspace       used 105665K, capacity 112706K, committed 112936K, reserved 1148928K
  class space    used 13049K, capacity 14355K, committed 14384K, reserved 1048576K
}
Event: 22826.026 GC heap before
{Heap before GC invocations=80 (full 4):
 PSYoungGen      total 331264K, used 331034K [0x00000000e0000000, 0x00000000f9180000, 0x0000000100000000)
  eden space 318464K, 100% used [0x00000000e0000000,0x00000000f3700000,0x00000000f3700000)
  from space 12800K, 98% used [0x00000000f6d80000,0x00000000f79c6bd8,0x00000000f7a00000)
  to   space 24064K, 0% used [0x00000000f7a00000,0x00000000f7a00000,0x00000000f9180000)
 ParOldGen       total 101376K, used 56610K [0x00000000a0000000, 0x00000000a6300000, 0x00000000e0000000)
  object space 101376K, 55% used [0x00000000a0000000,0x00000000a3748bc0,0x00000000a6300000)
 Metaspace       used 105762K, capacity 112834K, committed 112936K, reserved 1148928K
  class space    used 13051K, capacity 14355K, committed 14384K, reserved 1048576K
Event: 22831.896 GC heap after
Heap after GC invocations=80 (full 4):
 PSYoungGen      total 319488K, used 14282K [0x00000000e0000000, 0x00000000f8800000, 0x0000000100000000)
  eden space 305152K, 0% used [0x00000000e0000000,0x00000000e0000000,0x00000000f2a00000)
  from space 14336K, 99% used [0x00000000f7a00000,0x00000000f87f2bd8,0x00000000f8800000)
  to   space 23552K, 0% used [0x00000000f5a00000,0x00000000f5a00000,0x00000000f7100000)
 ParOldGen       total 101376K, used 56618K [0x00000000a0000000, 0x00000000a6300000, 0x00000000e0000000)
  object space 101376K, 55% used [0x00000000a0000000,0x00000000a374abc0,0x00000000a6300000)
 Metaspace       used 105762K, capacity 112834K, committed 112936K, reserved 1148928K
  class space    used 13051K, capacity 14355K, committed 14384K, reserved 1048576K
}
Event: 26614.361 GC heap before
{Heap before GC invocations=81 (full 4):
 PSYoungGen      total 319488K, used 319434K [0x00000000e0000000, 0x00000000f8800000, 0x0000000100000000)
  eden space 305152K, 100% used [0x00000000e0000000,0x00000000f2a00000,0x00000000f2a00000)
  from space 14336K, 99% used [0x00000000f7a00000,0x00000000f87f2bd8,0x00000000f8800000)
  to   space 23552K, 0% used [0x00000000f5a00000,0x00000000f5a00000,0x00000000f7100000)
 ParOldGen       total 101376K, used 56618K [0x00000000a0000000, 0x00000000a6300000, 0x00000000e0000000)
  object space 101376K, 55% used [0x00000000a0000000,0x00000000a374abc0,0x00000000a6300000)
 Metaspace       used 106337K, capacity 113550K, committed 113832K, reserved 1148928K
  class space    used 13123K, capacity 14459K, committed 14512K, reserved 1048576K
Event: 26618.546 GC heap after
Heap after GC invocations=81 (full 4):
 PSYoungGen      total 303616K, used 11117K [0x00000000e0000000, 0x00000000f7a80000, 0x0000000100000000)
  eden space 292352K, 0% used [0x00000000e0000000,0x00000000e0000000,0x00000000f1d80000)
  from space 11264K, 98% used [0x00000000f5a00000,0x00000000f64db440,0x00000000f6500000)
  to   space 22016K, 0% used [0x00000000f6500000,0x00000000f6500000,0x00000000f7a80000)
 ParOldGen       total 101376K, used 56626K [0x00000000a0000000, 0x00000000a6300000, 0x00000000e0000000)
  object space 101376K, 55% used [0x00000000a0000000,0x00000000a374cbc0,0x00000000a6300000)
 Metaspace       used 106337K, capacity 113550K, committed 113832K, reserved 1148928K
  class space    used 13123K, capacity 14459K, committed 14512K, reserved 1048576K
}
Event: 26696.108 GC heap before
{Heap before GC invocations=82 (full 4):
 PSYoungGen      total 303616K, used 303275K [0x00000000e0000000, 0x00000000f7a80000, 0x0000000100000000)
  eden space 292352K, 99% used [0x00000000e0000000,0x00000000f1d4f9a8,0x00000000f1d80000)
  from space 11264K, 98% used [0x00000000f5a00000,0x00000000f64db440,0x00000000f6500000)
  to   space 22016K, 0% used [0x00000000f6500000,0x00000000f6500000,0x00000000f7a80000)
 ParOldGen       total 101376K, used 56626K [0x00000000a0000000, 0x00000000a6300000, 0x00000000e0000000)
  object space 101376K, 55% used [0x00000000a0000000,0x00000000a374cbc0,0x00000000a6300000)
 Metaspace       used 106403K, capacity 113714K, committed 113832K, reserved 1148928K
  class space    used 13126K, capacity 14465K, committed 14512K, reserved 1048576K
Event: 26696.949 GC heap after
Heap after GC invocations=82 (full 4):
 PSYoungGen      total 292352K, used 11335K [0x00000000e0000000, 0x00000000f7080000, 0x0000000100000000)
  eden space 280576K, 0% used [0x00000000e0000000,0x00000000e0000000,0x00000000f1200000)
  from space 11776K, 96% used [0x00000000f6500000,0x00000000f7011dd0,0x00000000f7080000)
  to   space 22528K, 0% used [0x00000000f4480000,0x00000000f4480000,0x00000000f5a80000)
 ParOldGen       total 101376K, used 56634K [0x00000000a0000000, 0x00000000a6300000, 0x00000000e0000000)
  object space 101376K, 55% used [0x00000000a0000000,0x00000000a374ebc0,0x00000000a6300000)
 Metaspace       used 106403K, capacity 113714K, committed 113832K, reserved 1148928K
  class space    used 13126K, capacity 14465K, committed 14512K, reserved 1048576K
}

